<?xml version="1.0" encoding="UTF-8"?>
<testng-results skipped="0" failed="1" ignored="0" total="2" passed="1">
  <reporter-output>
  </reporter-output>
  <suite name="Default Suite" duration-ms="42565" started-at="2023-07-01T13:14:28 BST" finished-at="2023-07-01T13:15:10 BST">
    <groups>
    </groups>
    <test name="cv-library-uk" duration-ms="42565" started-at="2023-07-01T13:14:28 BST" finished-at="2023-07-01T13:15:10 BST">
      <class name="uk.co.library.testsuite.JobSearchTest">
        <test-method status="FAIL" signature="verifyJobSearchResultUsingDifferentDataSet(java.lang.String,java.lang.String,java.lang.String,java.lang.String,java.lang.String,java.lang.String,java.lang.String,java.lang.String)[pri:0, instance:uk.co.library.testsuite.JobSearchTest@7f13d6e]" name="verifyJobSearchResultUsingDifferentDataSet" duration-ms="42497" started-at="2023-07-01T13:14:28 BST" data-provider="Resultdata" finished-at="2023-07-01T13:15:10 BST">
          <exception class="org.testng.internal.reflect.MethodMatcherException">
            <message>
              <![CDATA[
[public void uk.co.library.testsuite.JobSearchTest.verifyJobSearchResultUsingDifferentDataSet(java.lang.String,java.lang.String,java.lang.String,java.lang.String,java.lang.String,java.lang.String,java.lang.String,java.lang.String) throws java.lang.InterruptedException] has no parameters defined but was found to be using a data provider (either explicitly specified or inherited from class level annotation).
Data provider mismatch
Method: verifyJobSearchResultUsingDifferentDataSet([Parameter{index=0, type=java.lang.String, declaredAnnotations=[]}, Parameter{index=1, type=java.lang.String, declaredAnnotations=[]}, Parameter{index=2, type=java.lang.String, declaredAnnotations=[]}, Parameter{index=3, type=java.lang.String, declaredAnnotations=[]}, Parameter{index=4, type=java.lang.String, declaredAnnotations=[]}, Parameter{index=5, type=java.lang.String, declaredAnnotations=[]}, Parameter{index=6, type=java.lang.String, declaredAnnotations=[]}, Parameter{index=7, type=java.lang.String, declaredAnnotations=[]}])
Arguments: [(java.lang.String) Tester,(java.lang.String) Wembley,(java.lang.String) up to  1 miles,(java.lang.String) 40000,(java.lang.String) 500000,(java.lang.String) Per annum,(java.lang.String)  Permanent]]]>
            </message>
            <full-stacktrace>
              <![CDATA[org.testng.internal.reflect.MethodMatcherException: 
[public void uk.co.library.testsuite.JobSearchTest.verifyJobSearchResultUsingDifferentDataSet(java.lang.String,java.lang.String,java.lang.String,java.lang.String,java.lang.String,java.lang.String,java.lang.String,java.lang.String) throws java.lang.InterruptedException] has no parameters defined but was found to be using a data provider (either explicitly specified or inherited from class level annotation).
Data provider mismatch
Method: verifyJobSearchResultUsingDifferentDataSet([Parameter{index=0, type=java.lang.String, declaredAnnotations=[]}, Parameter{index=1, type=java.lang.String, declaredAnnotations=[]}, Parameter{index=2, type=java.lang.String, declaredAnnotations=[]}, Parameter{index=3, type=java.lang.String, declaredAnnotations=[]}, Parameter{index=4, type=java.lang.String, declaredAnnotations=[]}, Parameter{index=5, type=java.lang.String, declaredAnnotations=[]}, Parameter{index=6, type=java.lang.String, declaredAnnotations=[]}, Parameter{index=7, type=java.lang.String, declaredAnnotations=[]}])
Arguments: [(java.lang.String) Tester,(java.lang.String) Wembley,(java.lang.String) up to  1 miles,(java.lang.String) 40000,(java.lang.String) 500000,(java.lang.String) Per annum,(java.lang.String)  Permanent]
at org.testng.internal.reflect.DataProviderMethodMatcher.getConformingArguments(DataProviderMethodMatcher.java:46)
at org.testng.internal.Parameters.injectParameters(Parameters.java:886)
at org.testng.internal.invokers.MethodRunner.runInSequence(MethodRunner.java:37)
at org.testng.internal.invokers.TestInvoker$MethodInvocationAgent.invoke(TestInvoker.java:945)
at org.testng.internal.invokers.TestInvoker.invokeTestMethods(TestInvoker.java:193)
at org.testng.internal.invokers.TestMethodWorker.invokeTestMethods(TestMethodWorker.java:146)
at org.testng.internal.invokers.TestMethodWorker.run(TestMethodWorker.java:128)
at java.util.ArrayList.forEach(ArrayList.java:1249)
at org.testng.TestRunner.privateRun(TestRunner.java:808)
at org.testng.TestRunner.run(TestRunner.java:603)
at org.testng.SuiteRunner.runTest(SuiteRunner.java:429)
at org.testng.SuiteRunner.runSequentially(SuiteRunner.java:423)
at org.testng.SuiteRunner.privateRun(SuiteRunner.java:383)
at org.testng.SuiteRunner.run(SuiteRunner.java:326)
at org.testng.SuiteRunnerWorker.runSuite(SuiteRunnerWorker.java:52)
at org.testng.SuiteRunnerWorker.run(SuiteRunnerWorker.java:95)
at org.testng.TestNG.runSuitesSequentially(TestNG.java:1249)
at org.testng.TestNG.runSuitesLocally(TestNG.java:1169)
at org.testng.TestNG.runSuites(TestNG.java:1092)
at org.testng.TestNG.run(TestNG.java:1060)
at com.intellij.rt.testng.IDEARemoteTestNG.run(IDEARemoteTestNG.java:66)
at com.intellij.rt.testng.RemoteTestNGStarter.main(RemoteTestNGStarter.java:105)
]]>
            </full-stacktrace>
          </exception> <!-- org.testng.internal.reflect.MethodMatcherException -->
          <reporter-output>
          </reporter-output>
        </test-method> <!-- verifyJobSearchResultUsingDifferentDataSet -->
        <test-method status="PASS" signature="setUp()[pri:0, instance:uk.co.library.testsuite.JobSearchTest@7f13d6e]" name="setUp" is-config="true" duration-ms="11962" started-at="2023-07-01T13:14:28 BST" finished-at="2023-07-01T13:14:40 BST">
          <reporter-output>
          </reporter-output>
        </test-method> <!-- setUp -->
        <test-method status="PASS" signature="verifyJobSearchResultUsingDifferentDataSet(java.lang.String,java.lang.String,java.lang.String,java.lang.String,java.lang.String,java.lang.String,java.lang.String,java.lang.String)[pri:0, instance:uk.co.library.testsuite.JobSearchTest@7f13d6e]" name="verifyJobSearchResultUsingDifferentDataSet" duration-ms="30461" started-at="2023-07-01T13:14:40 BST" data-provider="Resultdata" finished-at="2023-07-01T13:15:10 BST">
          <params>
            <param index="0">
              <value>
                <![CDATA[Tester]]>
              </value>
            </param>
            <param index="1">
              <value>
                <![CDATA[Harrow]]>
              </value>
            </param>
            <param index="2">
              <value>
                <![CDATA[5miles]]>
              </value>
            </param>
            <param index="3">
              <value>
                <![CDATA[30000]]>
              </value>
            </param>
            <param index="4">
              <value>
                <![CDATA[500000]]>
              </value>
            </param>
            <param index="5">
              <value>
                <![CDATA[Perannum]]>
              </value>
            </param>
            <param index="6">
              <value>
                <![CDATA[ Permanent]]>
              </value>
            </param>
            <param index="7">
              <value>
                <![CDATA[Permanent Tester jobs in Harrow]]>
              </value>
            </param>
          </params>
          <reporter-output>
          </reporter-output>
        </test-method> <!-- verifyJobSearchResultUsingDifferentDataSet -->
      </class> <!-- uk.co.library.testsuite.JobSearchTest -->
    </test> <!-- cv-library-uk -->
  </suite> <!-- Default Suite -->
</testng-results>
