<?xml version="1.0" encoding="UTF-8"?>
<!-- Generated by org.testng.reporters.JUnitXMLReporter -->
<testsuite hostname="DESKTOP-FOV1V00" ignored="2" name="home-office-visa-check" tests="1" failures="0" timestamp="2023-07-01T00:36:47 BST" time="13.257" errors="0">
  <testcase name="anAustralianCominToUKForTourism" time="1.724" classname="gov.uk.check.visa.testsuite.VisaConfirmationTest"/>
  <testcase name="ChileanComingToTheUKForWorkAndPlansOnStayingForLongerThanSixMonths" time="0.0" classname="gov.uk.check.visa.testsuite.VisaConfirmationTest">
    <ignored/>
  </testcase> <!-- ChileanComingToTheUKForWorkAndPlansOnStayingForLongerThanSixMonths -->
  <testcase name="ColumbianNationalComingToTheUKToJoinAPartnerForALongStayTheyDoHaveAnArti" time="0.0" classname="gov.uk.check.visa.testsuite.VisaConfirmationTest">
    <ignored/>
  </testcase> <!-- ColumbianNationalComingToTheUKToJoinAPartnerForALongStayTheyDoHaveAnArti -->
</testsuite> <!-- home-office-visa-check -->
