<?xml version="1.0" encoding="UTF-8"?>
<!-- Generated by org.testng.reporters.JUnitXMLReporter -->
<testsuite hostname="DESKTOP-FOV1V00" ignored="0" name="nopcommerce" tests="2" failures="0" timestamp="2023-06-27T22:48:43 BST" time="38.635" errors="0">
  <testcase name="name" time="2.334" classname="com.nopcommerce.demo.testsuite.ComputerPageTest"/>
  <testcase name="verifyProductAddedToShoppingCartSuccessFully" time="20.691" classname="com.nopcommerce.demo.testsuite.ComputerPageTest"/>
</testsuite> <!-- nopcommerce -->
