<?xml version="1.0" encoding="UTF-8"?>
<!-- Generated by org.testng.reporters.JUnitXMLReporter -->
<testsuite hostname="DESKTOP-FOV1V00" ignored="0" name="parabank" tests="2" failures="0" timestamp="2023-06-27T23:06:26 BST" time="23.693" errors="0">
  <testcase name="userSholdRegisterAccountSuccessfully" time="3.428" classname="com.parabank.testsuite.RegisterPageTest"/>
  <testcase name="verifyThatSigningUpPageDisplay" time="0.913" classname="com.parabank.testsuite.RegisterPageTest"/>
</testsuite> <!-- parabank -->
