<?xml version="1.0" encoding="UTF-8"?>
<!-- Generated by org.testng.reporters.JUnitXMLReporter -->
<testsuite hostname="DESKTOP-FOV1V00" ignored="0" name="week12" tests="3" failures="0" timestamp="2023-06-26T23:59:16 BST" time="32.714" errors="0">
  <testcase name="userShouldLogOutSuccessfully" time="2.415" classname="com.parabank.testsuite.LoginPageTest"/>
  <testcase name="userShouldLoginSuccessfullyWithValidCredentials" time="2.366" classname="com.parabank.testsuite.LoginPageTest"/>
  <testcase name="verifyTheErrorMessage" time="1.047" classname="com.parabank.testsuite.LoginPageTest"/>
</testsuite> <!-- week12 -->
