<?xml version="1.0" encoding="UTF-8"?>
<!-- Generated by org.testng.reporters.JUnitXMLReporter -->
<testsuite hostname="DESKTOP-FOV1V00" ignored="0" name="tutorialsninja" tests="2" failures="0" timestamp="2023-06-27T23:28:20 BST" time="31.548" errors="0">
  <testcase name="verifyProductAddedToShoppingCartSuccessFully" time="9.942" classname="com.tutorialsninja.testsuite.DesktopsPageTest"/>
  <testcase name="verifyProductArrangeInAlphaBaticalOrder" time="3.981" classname="com.tutorialsninja.testsuite.DesktopsPageTest"/>
</testsuite> <!-- tutorialsninja -->
