<?xml version="1.0" encoding="UTF-8"?>
<testng-results skipped="0" failed="0" ignored="0" total="2" passed="2">
  <reporter-output>
  </reporter-output>
  <suite name="Default Suite" duration-ms="31548" started-at="2023-06-27T23:27:48 BST" finished-at="2023-06-27T23:28:20 BST">
    <groups>
    </groups>
    <test name="tutorialsninja" duration-ms="31548" started-at="2023-06-27T23:27:48 BST" finished-at="2023-06-27T23:28:20 BST">
      <class name="com.tutorialsninja.testsuite.DesktopsPageTest">
        <test-method status="PASS" signature="setUp()[pri:0, instance:com.tutorialsninja.testsuite.DesktopsPageTest@71bbf57e]" name="setUp" is-config="true" duration-ms="9773" started-at="2023-06-27T23:27:48 BST" finished-at="2023-06-27T23:27:58 BST">
          <reporter-output>
          </reporter-output>
        </test-method> <!-- setUp -->
        <test-method status="PASS" signature="verifyProductAddedToShoppingCartSuccessFully()[pri:0, instance:com.tutorialsninja.testsuite.DesktopsPageTest@71bbf57e]" name="verifyProductAddedToShoppingCartSuccessFully" duration-ms="9942" started-at="2023-06-27T23:27:58 BST" finished-at="2023-06-27T23:28:08 BST">
          <reporter-output>
          </reporter-output>
        </test-method> <!-- verifyProductAddedToShoppingCartSuccessFully -->
        <test-method status="PASS" signature="setUp()[pri:0, instance:com.tutorialsninja.testsuite.DesktopsPageTest@71bbf57e]" name="setUp" is-config="true" duration-ms="7727" started-at="2023-06-27T23:28:08 BST" finished-at="2023-06-27T23:28:16 BST">
          <reporter-output>
          </reporter-output>
        </test-method> <!-- setUp -->
        <test-method status="PASS" signature="verifyProductArrangeInAlphaBaticalOrder()[pri:0, instance:com.tutorialsninja.testsuite.DesktopsPageTest@71bbf57e]" name="verifyProductArrangeInAlphaBaticalOrder" duration-ms="3981" started-at="2023-06-27T23:28:16 BST" finished-at="2023-06-27T23:28:20 BST">
          <reporter-output>
          </reporter-output>
        </test-method> <!-- verifyProductArrangeInAlphaBaticalOrder -->
      </class> <!-- com.tutorialsninja.testsuite.DesktopsPageTest -->
    </test> <!-- tutorialsninja -->
  </suite> <!-- Default Suite -->
</testng-results>
